Vivado Simulator v2023.2
Copyright 1986-2022 Xilinx, Inc. All Rights Reserved.
Copyright 2022-2023 Advanced Micro Devices, Inc. All Rights Reserved.
Running: /home/ramdas/Vivado/Vivado/2023.2/bin/unwrapped/lnx64.o/xelab --incr --debug typical --relax --mt 8 -L xil_defaultlib -L unisims_ver -L unimacro_ver -L secureip --snapshot tb_GCD_behav xil_defaultlib.tb_GCD xil_defaultlib.glbl -log elaborate.log 
Using 8 slave threads.
Starting static elaboration
Pass Through NonSizing Optimizer
Completed static elaboration
Starting simulation data flow analysis
Completed simulation data flow analysis
Time Resolution for simulation is 1ps
Compiling module xil_defaultlib.PIPO
Compiling module xil_defaultlib.MUX_2x1
Compiling module xil_defaultlib.SUB
Compiling module xil_defaultlib.COMPARE
Compiling module xil_defaultlib.datapathGCD
Compiling module xil_defaultlib.controllerGCD
Compiling module xil_defaultlib.improvisation2
Compiling module xil_defaultlib.tb_GCD
Compiling module xil_defaultlib.glbl
Built simulation snapshot tb_GCD_behav
