#
# An unexpected error has occurred (11)
#
Stack:
/home/ramdas/Vivado/Vivado/2023.2/tps/lnx64/jre17.0.7_7/lib//server/libjvm.so(+0xd8797f) [0x7f9ab8d6097f]
/home/ramdas/Vivado/Vivado/2023.2/tps/lnx64/jre17.0.7_7/lib//server/libjvm.so(JVM_handle_linux_signal+0x24e) [0x7f9ab8d6146e]
/lib/x86_64-linux-gnu/libc.so.6(+0x42520) [0x7f9af3e19520]
/home/ramdas/Vivado/Vivado/2023.2/lib/lnx64.o/librdi_wavedata.so(+0x28ad25) [0x7f9ac717ad25]
/home/ramdas/Vivado/Vivado/2023.2/lib/lnx64.o/librdi_wavedata.so(SimBridge::DataObjMgr::createDrawingBTree(std::vector<SimBridge::IDataObj const*, std::allocator<SimBridge::IDataObj const*> > const&, ISIM::IGuiStatus*, bool)+0x207) [0x7f9ac717b2e7]
/home/ramdas/Vivado/Vivado/2023.2/lib/lnx64.o/librdi_wavedata.so(SimBridge::DataReader::getTransitions(SimBridge::IDataObj const*, long long, long long, long long, SimBridge::ValueFormat const&, std::vector<SimBridge::Transition, std::allocator<SimBridge::Transition> >&) const+0x6f) [0x7f9ac718653f]
/home/ramdas/Vivado/Vivado/2023.2/lib/lnx64.o/librdi_wavedata.so(SG_Model::ModelImp::getTransitions(SimBridge::IDataObj const*, SG_Model::IDatabase*, long long, long long, long long, SimBridge::ValueFormat const&, bool, std::vector<SimBridge::Transition, std::allocator<SimBridge::Transition> >&) const+0xbd) [0x7f9ac722721d]
/home/ramdas/Vivado/Vivado/2023.2/lib/lnx64.o/librdi_wavedata.so(SG_Model::Model::getTransitions(SG_Model::WVDataObject const*, long long, long long, long long, SimBridge::ValueFormat const&, bool, std::vector<SimBridge::Transition, std::allocator<SimBridge::Transition> >&) const+0x12c) [0x7f9ac722893c]
/home/ramdas/Vivado/Vivado/2023.2/lib/lnx64.o/librdi_wavedata.so(+0x3686aa) [0x7f9ac72586aa]
/home/ramdas/Vivado/Vivado/2023.2/lib/lnx64.o/librdi_wavedata.so(SG_Model::WaveformRender::render(SG_Model::WVDataObject const&)+0x294) [0x7f9ac7254d44]
/home/ramdas/Vivado/Vivado/2023.2/lib/lnx64.o/librdi_wavedata.so(WaveViewer::WVWaveformPanel::WaveformTraverser::drawWaveform(SG_Model::WVDataObject const*, int, int)+0x38e) [0x7f9ac72cfc7e]
/home/ramdas/Vivado/Vivado/2023.2/lib/lnx64.o/librdi_wavedata.so(WaveViewer::WVWaveformPanel::WaveformTraverser::handleItemSize(WaveViewer::WVTreeWVObjectModel::ITraverseHandler::TraverseItem const&)+0x52) [0x7f9ac72cff52]
/home/ramdas/Vivado/Vivado/2023.2/lib/lnx64.o/librdi_wavedata.so(WaveViewer::WVTreeWVObjectModel::traverseYRange(SG_Model::WVDataObject const*, WaveViewer::WVTreeWVObjectModel::ITraverseHandler&, int, int, int&, int&) const+0x234) [0x7f9ac72b3474]
/home/ramdas/Vivado/Vivado/2023.2/lib/lnx64.o/librdi_wavedata.so(WaveViewer::WVTreeWVObjectModel::traverseYRange(SG_Model::WVDataObject const*, WaveViewer::WVTreeWVObjectModel::ITraverseHandler&, int, int, int&, int&) const+0x2be) [0x7f9ac72b34fe]
/home/ramdas/Vivado/Vivado/2023.2/lib/lnx64.o/librdi_wavedata.so(WaveViewer::WVTreeWVObjectModel::traverseYRange(WaveViewer::WVTreeWVObjectModel::ITraverseHandler&, int, int) const+0x57) [0x7f9ac72b3637]
/home/ramdas/Vivado/Vivado/2023.2/lib/lnx64.o/librdi_wavedata.so(WaveViewer::WVWaveformPanel::getGraphics(HDGDStringStream&, long&)+0x3a9) [0x7f9ac72cf279]
/home/ramdas/Vivado/Vivado/2023.2/lib/lnx64.o/librdi_wavedata.so(WVExecutiveImp::getGraphicsDataSize()+0x9a) [0x7f9ac728b13a]
/home/ramdas/Vivado/Vivado/2023.2/lib/lnx64.o/librdi_wavedata.so(WVExecutive::getGraphicsDataSize()+0xf) [0x7f9ac728b5bf]
/home/ramdas/Vivado/Vivado/2023.2/lib/lnx64.o/librdi_wavedata.so(Java_ui_views_waveform_waveformi_WVExecutive_1getGraphicsDataSize+0x17) [0x7f9ac72d7b97]
[0x7f9aa896253a]
